<?xml version="1.0" encoding="UTF-8"?>
<!-- Generated by org.testng.reporters.JUnitXMLReporter -->
<testsuite ignored="0" hostname="LAPTOP-PG85R56H" failures="0" tests="3" name="Test" time="0.051" errors="0" timestamp="2025-07-27T17:38:47 IST">
  <testcase classname="testcase.countAlphabetsTest" name="countTotalAlphabetsOccuranceTest" time="0.007"/>
  <testcase classname="testcase.countAlphabetsTest" name="swapAlphabetsTest" time="0.001"/>
  <testcase classname="testcase.countAlphabetsTest" name="normalSwapTest" time="0.0"/>
</testsuite> <!-- Test -->
